2018-12-07 11:33:23,743 INFO Program started
2018-12-07 11:33:23,743 INFO Multi Class SVM

2018-12-07 11:33:23,743 INFO Train Multi-Class linear SVM model using the liblinear svm implementation
2018-12-07 11:35:03,243 INFO Decision function:               ovo
2018-12-07 11:35:03,253 INFO Results:
              precision    recall  f1-score   support

           0       0.95      0.98      0.96       980
           1       0.96      0.98      0.97      1135
           2       0.93      0.88      0.91      1032
           3       0.90      0.91      0.90      1010
           4       0.92      0.93      0.92       982
           5       0.89      0.87      0.88       892
           6       0.94      0.95      0.94       958
           7       0.92      0.92      0.92      1028
           8       0.87      0.87      0.87       974
           9       0.90      0.89      0.89      1009

   micro avg       0.92      0.92      0.92     10000
   macro avg       0.92      0.92      0.92     10000
weighted avg       0.92      0.92      0.92     10000

2018-12-07 11:35:03,254 INFO Confusion matrix:
[[ 962    0    2    1    1    4    5    3    1    1]
 [   0 1112    3    2    0    1    5    1   11    0]
 [  11   11  913   18   10    4   13   12   37    3]
 [   4    0   19  915    2   24    5   12   20    9]
 [   1    4    5    4  913    0    9    3    6   37]
 [   9    2    0   35   12  773   17    7   29    8]
 [   7    4    7    2    5   21  909    1    2    0]
 [   2    8   23    5    7    2    1  946    5   29]
 [  11   11    8   20   14   32    8   12  846   12]
 [   7    8    2   15   31   12    0   26   12  896]]
2018-12-07 11:35:03,254 INFO ----------------------------------
2018-12-07 11:35:03,254 INFO 

2018-12-07 11:35:03,254 INFO Train Multi-Class rbf SVM model using the libsvm svm implementation
2018-12-07 11:35:03,254 INFO Balanced class weights
2018-12-07 11:45:54,327 INFO Decision function:               ovo
2018-12-07 11:45:54,337 INFO Results:
              precision    recall  f1-score   support

           0       0.96      0.99      0.97       980
           1       0.97      0.99      0.98      1135
           2       0.94      0.93      0.93      1032
           3       0.93      0.94      0.94      1010
           4       0.93      0.96      0.94       982
           5       0.93      0.92      0.92       892
           6       0.95      0.97      0.96       958
           7       0.96      0.93      0.94      1028
           8       0.94      0.91      0.93       974
           9       0.94      0.92      0.93      1009

   micro avg       0.95      0.95      0.95     10000
   macro avg       0.94      0.94      0.94     10000
weighted avg       0.95      0.95      0.94     10000

2018-12-07 11:45:54,338 INFO Confusion matrix:
[[ 967    0    2    0    0    5    4    1    1    0]
 [   0 1118    2    2    0    1    4    1    7    0]
 [   9    1  963    7   10    1   13    9   17    2]
 [   1    0   16  951    1   16    1    9   11    4]
 [   1    1    7    0  939    0    7    2    2   23]
 [   7    4    5   26    7  817   10    2   10    4]
 [   9    3    4    1    5   10  925    0    1    0]
 [   2   12   22    5    8    1    0  956    3   19]
 [   4    6    7   15    8   24   10    6  891    3]
 [   8    6    0   12   33    5    1   13    7  924]]
2018-12-07 11:45:54,338 INFO ----------------------------------
2018-12-07 11:45:54,338 INFO 

2018-12-07 11:45:54,338 INFO Same weight for all classes
2018-12-07 11:56:27,730 INFO Decision function:               ovo
2018-12-07 11:56:27,740 INFO Results:
              precision    recall  f1-score   support

           0       0.96      0.99      0.97       980
           1       0.97      0.99      0.98      1135
           2       0.94      0.93      0.93      1032
           3       0.93      0.94      0.94      1010
           4       0.93      0.96      0.94       982
           5       0.93      0.91      0.92       892
           6       0.95      0.97      0.96       958
           7       0.96      0.93      0.94      1028
           8       0.94      0.92      0.93       974
           9       0.94      0.92      0.93      1009

   micro avg       0.94      0.94      0.94     10000
   macro avg       0.94      0.94      0.94     10000
weighted avg       0.94      0.94      0.94     10000

2018-12-07 11:56:27,740 INFO Confusion matrix:
[[ 967    0    2    0    0    5    4    1    1    0]
 [   0 1121    2    2    0    1    4    1    4    0]
 [   9    1  961    9   10    1   13    9   17    2]
 [   1    1   15  951    1   15    1   10   11    4]
 [   1    1    7    0  938    0    7    2    2   24]
 [   7    4    5   30    7  810   12    2   10    5]
 [   9    3    4    1    5    9  926    0    1    0]
 [   2   13   22    5    8    1    0  956    3   18]
 [   4    7    7   14    8   23   10    6  892    3]
 [   8    7    0   12   31    6    1   13    7  924]]
2018-12-07 11:56:27,740 INFO ----------------------------------
2018-12-07 11:56:27,740 INFO 

