2018-12-07 11:23:37,181 INFO Number of examples per class
2018-12-07 11:23:37,181 INFO Bronze - 1:           167.0
2018-12-07 11:23:37,181 INFO Silver - 2:           347.0
2018-12-07 11:23:37,181 INFO Gold - 3:             553.0
2018-12-07 11:23:37,181 INFO Platinum - 4:         811.0
2018-12-07 11:23:37,181 INFO Diamond - 5:          806.0
2018-12-07 11:23:37,181 INFO Master - 6:           621.0
2018-12-07 11:23:37,181 INFO GrandMaster - 7:      35.0
2018-12-07 11:23:37,181 INFO Professional - 8:     55.0
2018-12-07 11:23:37,181 INFO Program started
2018-12-07 11:23:37,181 INFO Multi Class SVM

2018-12-07 11:23:37,182 INFO Train Multi-Class linear SVM model using the liblinear svm implementation
2018-12-07 11:23:37,586 INFO Decision function:               ovo
2018-12-07 11:23:37,589 INFO Results:
              precision    recall  f1-score   support

         1.0       0.26      0.73      0.38        41
         2.0       0.18      0.30      0.22        81
         3.0       0.24      0.12      0.16       139
         4.0       0.36      0.27      0.31       204
         5.0       0.44      0.20      0.27       202
         6.0       0.40      0.53      0.45       152
         7.0       0.09      0.33      0.14         9
         8.0       0.47      0.95      0.62        21

   micro avg       0.32      0.32      0.32       849
   macro avg       0.30      0.43      0.32       849
weighted avg       0.34      0.32      0.30       849

2018-12-07 11:23:37,589 INFO Confusion matrix:
[[30  8  2  0  0  1  0  0]
 [36 24 11  8  1  1  0  0]
 [33 41 17 25  7 13  3  0]
 [15 47 27 55 27 32  1  0]
 [ 2 14 11 47 40 72  9  7]
 [ 0  3  4 19 16 80 17 13]
 [ 0  0  0  0  0  3  3  3]
 [ 0  0  0  0  0  0  1 20]]
2018-12-07 11:23:37,589 INFO ----------------------------------
2018-12-07 11:23:37,589 INFO 

2018-12-07 11:23:37,589 INFO Train Multi-Class rbf SVM model using the libsvm svm implementation
2018-12-07 11:23:37,589 INFO Balanced class weights
2018-12-07 11:23:38,293 INFO Decision function:               ovo
2018-12-07 11:23:38,296 INFO Results:
              precision    recall  f1-score   support

         1.0       0.37      0.66      0.47        41
         2.0       0.23      0.47      0.31        81
         3.0       0.27      0.19      0.22       139
         4.0       0.38      0.29      0.33       204
         5.0       0.40      0.30      0.34       202
         6.0       0.48      0.35      0.40       152
         7.0       0.07      0.44      0.13         9
         8.0       0.54      1.00      0.70        21

   micro avg       0.34      0.34      0.34       849
   macro avg       0.34      0.46      0.36       849
weighted avg       0.37      0.34      0.34       849

2018-12-07 11:23:38,297 INFO Confusion matrix:
[[27  9  1  3  1  0  0  0]
 [22 38 12  7  2  0  0  0]
 [17 47 26 25 19  3  2  0]
 [ 6 54 32 59 37 13  2  1]
 [ 1 16 18 45 61 39 16  6]
 [ 0  4  8 16 33 53 30  8]
 [ 0  0  0  0  0  2  4  3]
 [ 0  0  0  0  0  0  0 21]]
2018-12-07 11:23:38,297 INFO ----------------------------------
2018-12-07 11:23:38,297 INFO 

2018-12-07 11:23:38,297 INFO Same weight for all classes
2018-12-07 11:23:38,945 INFO Decision function:               ovo
2018-12-07 11:23:38,948 INFO Results:
              precision    recall  f1-score   support

         1.0       0.00      0.00      0.00        41
         2.0       0.40      0.02      0.05        81
         3.0       0.00      0.00      0.00       139
         4.0       0.32      0.75      0.44       204
         5.0       0.42      0.49      0.45       202
         6.0       0.48      0.37      0.42       152
         7.0       0.00      0.00      0.00         9
         8.0       0.00      0.00      0.00        21

   micro avg       0.36      0.36      0.36       849
   macro avg       0.20      0.20      0.17       849
weighted avg       0.30      0.36      0.29       849

2018-12-07 11:23:38,948 INFO Confusion matrix:
[[  0   3   5  32   1   0   0   0]
 [  0   2   2  75   2   0   0   0]
 [  0   0   0 120  18   1   0   0]
 [  0   0   0 153  47   4   0   0]
 [  0   0   0  79  98  25   0   0]
 [  0   0   0  26  70  56   0   0]
 [  0   0   0   0   0   9   0   0]
 [  0   0   0   0   0  21   0   0]]
2018-12-07 11:23:38,948 INFO ----------------------------------
2018-12-07 11:23:38,948 INFO 

2018-12-07 11:23:39,529 INFO C value:                   1
2018-12-07 11:23:39,529 INFO Gamma value:               0.001
2018-12-07 11:23:39,529 INFO Decision function:               ovo
2018-12-07 11:23:39,532 INFO Results:
              precision    recall  f1-score   support

         1.0       0.00      0.00      0.00        41
         2.0       0.00      0.00      0.00        81
         3.0       0.00      0.00      0.00       139
         4.0       0.00      0.00      0.00       204
         5.0       0.00      0.00      0.00       202
         6.0       0.18      1.00      0.30       152
         7.0       0.00      0.00      0.00         9
         8.0       0.00      0.00      0.00        21

   micro avg       0.18      0.18      0.18       849
   macro avg       0.02      0.12      0.04       849
weighted avg       0.03      0.18      0.05       849

2018-12-07 11:23:39,532 INFO Confusion matrix:
[[  0   0   0   0   0  41   0   0]
 [  0   0   0   0   0  81   0   0]
 [  0   0   0   0   0 139   0   0]
 [  0   0   0   0   0 204   0   0]
 [  0   0   0   0   0 202   0   0]
 [  0   0   0   0   0 152   0   0]
 [  0   0   0   0   0   9   0   0]
 [  0   0   0   0   0  21   0   0]]
2018-12-07 11:23:39,532 INFO ----------------------------------
2018-12-07 11:23:39,532 INFO 

2018-12-07 11:23:40,079 INFO C value:                   1
2018-12-07 11:23:40,079 INFO Gamma value:               0.01
2018-12-07 11:23:40,079 INFO Decision function:               ovo
2018-12-07 11:23:40,084 INFO Results:
              precision    recall  f1-score   support

         1.0       1.00      0.02      0.05        41
         2.0       0.20      0.93      0.33        81
         3.0       0.22      0.09      0.13       139
         4.0       0.00      0.00      0.00       204
         5.0       0.39      0.46      0.42       202
         6.0       0.50      0.26      0.34       152
         7.0       0.08      0.56      0.14         9
         8.0       0.57      0.95      0.71        21

   micro avg       0.29      0.29      0.29       849
   macro avg       0.37      0.41      0.27       849
weighted avg       0.30      0.29      0.24       849

2018-12-07 11:23:40,084 INFO Confusion matrix:
[[  1  38   0   0   2   0   0   0]
 [  0  75   1   0   5   0   0   0]
 [  0  96  13   0  25   3   2   0]
 [  0 107  22   0  59  12   3   1]
 [  0  45  18   0  93  23  17   6]
 [  0  11   6   0  53  40  36   6]
 [  0   0   0   0   0   2   5   2]
 [  0   0   0   0   0   0   1  20]]
2018-12-07 11:23:40,084 INFO ----------------------------------
2018-12-07 11:23:40,084 INFO 

2018-12-07 11:23:40,498 INFO C value:                   1
2018-12-07 11:23:40,498 INFO Gamma value:               0.1
2018-12-07 11:23:40,498 INFO Decision function:               ovo
2018-12-07 11:23:40,501 INFO Results:
              precision    recall  f1-score   support

         1.0       0.32      0.66      0.43        41
         2.0       0.25      0.38      0.30        81
         3.0       0.24      0.23      0.24       139
         4.0       0.37      0.28      0.32       204
         5.0       0.43      0.32      0.37       202
         6.0       0.48      0.39      0.43       152
         7.0       0.10      0.44      0.16         9
         8.0       0.53      1.00      0.69        21

   micro avg       0.35      0.35      0.35       849
   macro avg       0.34      0.46      0.37       849
weighted avg       0.37      0.35      0.35       849

2018-12-07 11:23:40,501 INFO Confusion matrix:
[[27  8  4  1  1  0  0  0]
 [25 31 15  8  2  0  0  0]
 [23 35 32 29 14  5  1  0]
 [ 8 41 45 57 37 14  2  0]
 [ 1  8 26 42 65 43 11  6]
 [ 0  1  9 17 31 60 24 10]
 [ 0  0  0  0  0  2  4  3]
 [ 0  0  0  0  0  0  0 21]]
2018-12-07 11:23:40,501 INFO ----------------------------------
2018-12-07 11:23:40,502 INFO 

2018-12-07 11:23:40,882 INFO C value:                   1
2018-12-07 11:23:40,882 INFO Gamma value:               1
2018-12-07 11:23:40,882 INFO Decision function:               ovo
2018-12-07 11:23:40,885 INFO Results:
              precision    recall  f1-score   support

         1.0       0.29      0.63      0.39        41
         2.0       0.20      0.28      0.23        81
         3.0       0.26      0.20      0.23       139
         4.0       0.36      0.33      0.35       204
         5.0       0.39      0.24      0.30       202
         6.0       0.47      0.51      0.49       152
         7.0       0.08      0.22      0.11         9
         8.0       0.57      0.95      0.71        21

   micro avg       0.34      0.34      0.34       849
   macro avg       0.33      0.42      0.35       849
weighted avg       0.36      0.34      0.34       849

2018-12-07 11:23:40,885 INFO Confusion matrix:
[[26 10  2  3  0  0  0  0]
 [30 23 19  7  1  1  0  0]
 [24 35 28 32 12  7  1  0]
 [10 37 37 68 33 19  0  0]
 [ 1 10 15 57 48 58 10  3]
 [ 0  2  5 20 28 77 12  8]
 [ 0  0  0  0  0  3  2  4]
 [ 0  0  0  0  0  0  1 20]]
2018-12-07 11:23:40,885 INFO ----------------------------------
2018-12-07 11:23:40,885 INFO 

2018-12-07 11:23:41,426 INFO C value:                   10
2018-12-07 11:23:41,426 INFO Gamma value:               0.001
2018-12-07 11:23:41,426 INFO Decision function:               ovo
2018-12-07 11:23:41,429 INFO Results:
              precision    recall  f1-score   support

         1.0       0.42      0.61      0.50        41
         2.0       0.21      0.59      0.31        81
         3.0       0.19      0.19      0.19       139
         4.0       0.00      0.00      0.00       204
         5.0       0.38      0.47      0.42       202
         6.0       0.52      0.24      0.33       152
         7.0       0.08      0.56      0.14         9
         8.0       0.57      0.95      0.71        21

   micro avg       0.30      0.30      0.30       849
   macro avg       0.30      0.45      0.33       849
weighted avg       0.27      0.30      0.26       849

2018-12-07 11:23:41,429 INFO Confusion matrix:
[[25 11  3  0  2  0  0  0]
 [16 48 12  0  5  0  0  0]
 [13 67 27  0 28  2  2  0]
 [ 5 74 49  0 64  8  3  1]
 [ 1 23 38  0 95 22 17  6]
 [ 0  7 10  0 59 37 33  6]
 [ 0  0  0  0  0  2  5  2]
 [ 0  0  0  0  0  0  1 20]]
2018-12-07 11:23:41,429 INFO ----------------------------------
2018-12-07 11:23:41,429 INFO 

2018-12-07 11:23:41,856 INFO C value:                   10
2018-12-07 11:23:41,856 INFO Gamma value:               0.01
2018-12-07 11:23:41,856 INFO Decision function:               ovo
2018-12-07 11:23:41,858 INFO Results:
              precision    recall  f1-score   support

         1.0       0.33      0.66      0.44        41
         2.0       0.25      0.40      0.31        81
         3.0       0.25      0.23      0.24       139
         4.0       0.37      0.29      0.33       204
         5.0       0.43      0.32      0.36       202
         6.0       0.48      0.39      0.43       152
         7.0       0.10      0.44      0.16         9
         8.0       0.53      1.00      0.69        21

   micro avg       0.35      0.35      0.35       849
   macro avg       0.34      0.47      0.37       849
weighted avg       0.37      0.35      0.35       849

2018-12-07 11:23:41,859 INFO Confusion matrix:
[[27  8  4  1  1  0  0  0]
 [24 32 15  8  2  0  0  0]
 [22 36 32 30 14  4  1  0]
 [ 8 42 44 59 35 14  2  0]
 [ 1  8 26 43 64 44 10  6]
 [ 0  1  8 17 34 59 23 10]
 [ 0  0  0  0  0  2  4  3]
 [ 0  0  0  0  0  0  0 21]]
2018-12-07 11:23:41,859 INFO ----------------------------------
2018-12-07 11:23:41,859 INFO 

2018-12-07 11:23:42,207 INFO C value:                   10
2018-12-07 11:23:42,207 INFO Gamma value:               0.1
2018-12-07 11:23:42,207 INFO Decision function:               ovo
2018-12-07 11:23:42,210 INFO Results:
              precision    recall  f1-score   support

         1.0       0.31      0.68      0.43        41
         2.0       0.21      0.30      0.24        81
         3.0       0.28      0.22      0.25       139
         4.0       0.38      0.33      0.36       204
         5.0       0.42      0.28      0.34       202
         6.0       0.47      0.43      0.45       152
         7.0       0.06      0.22      0.09         9
         8.0       0.48      0.95      0.63        21

   micro avg       0.35      0.35      0.35       849
   macro avg       0.32      0.43      0.35       849
weighted avg       0.37      0.35      0.35       849

2018-12-07 11:23:42,211 INFO Confusion matrix:
[[28  8  2  2  1  0  0  0]
 [28 24 20  7  1  1  0  0]
 [25 34 31 31 11  6  1  0]
 [ 8 38 37 68 36 17  0  0]
 [ 1 10 18 50 57 49 12  5]
 [ 0  3  4 19 30 66 18 12]
 [ 0  0  0  0  0  2  2  5]
 [ 0  0  0  0  0  0  1 20]]
2018-12-07 11:23:42,211 INFO ----------------------------------
2018-12-07 11:23:42,211 INFO 

2018-12-07 11:23:42,569 INFO C value:                   10
2018-12-07 11:23:42,569 INFO Gamma value:               1
2018-12-07 11:23:42,569 INFO Decision function:               ovo
2018-12-07 11:23:42,572 INFO Results:
              precision    recall  f1-score   support

         1.0       0.28      0.54      0.36        41
         2.0       0.25      0.33      0.29        81
         3.0       0.28      0.27      0.28       139
         4.0       0.40      0.34      0.37       204
         5.0       0.43      0.32      0.37       202
         6.0       0.51      0.55      0.53       152
         7.0       0.06      0.11      0.07         9
         8.0       0.76      0.90      0.83        21

   micro avg       0.38      0.38      0.38       849
   macro avg       0.37      0.42      0.39       849
weighted avg       0.39      0.38      0.38       849

2018-12-07 11:23:42,572 INFO Confusion matrix:
[[22 12  5  2  0  0  0  0]
 [23 27 23  5  2  1  0  0]
 [21 30 37 31 15  4  1  0]
 [11 33 40 69 37 14  0  0]
 [ 2  3 20 49 65 57  5  1]
 [ 1  1  5 15 33 84 10  3]
 [ 0  0  0  0  0  6  1  2]
 [ 0  0  0  1  0  0  1 19]]
2018-12-07 11:23:42,572 INFO ----------------------------------
2018-12-07 11:23:42,572 INFO 

2018-12-07 11:23:42,978 INFO C value:                   100
2018-12-07 11:23:42,978 INFO Gamma value:               0.001
2018-12-07 11:23:42,978 INFO Decision function:               ovo
2018-12-07 11:23:42,981 INFO Results:
              precision    recall  f1-score   support

         1.0       0.33      0.66      0.44        41
         2.0       0.25      0.40      0.31        81
         3.0       0.25      0.23      0.24       139
         4.0       0.37      0.29      0.33       204
         5.0       0.43      0.32      0.36       202
         6.0       0.48      0.39      0.43       152
         7.0       0.10      0.44      0.16         9
         8.0       0.53      1.00      0.69        21

   micro avg       0.35      0.35      0.35       849
   macro avg       0.34      0.47      0.37       849
weighted avg       0.37      0.35      0.35       849

2018-12-07 11:23:42,981 INFO Confusion matrix:
[[27  8  4  1  1  0  0  0]
 [24 32 15  8  2  0  0  0]
 [22 36 32 30 14  4  1  0]
 [ 8 42 44 59 35 14  2  0]
 [ 1  8 26 43 64 44 10  6]
 [ 0  1  8 17 34 59 23 10]
 [ 0  0  0  0  0  2  4  3]
 [ 0  0  0  0  0  0  0 21]]
2018-12-07 11:23:42,981 INFO ----------------------------------
2018-12-07 11:23:42,981 INFO 

2018-12-07 11:23:43,331 INFO C value:                   100
2018-12-07 11:23:43,331 INFO Gamma value:               0.01
2018-12-07 11:23:43,331 INFO Decision function:               ovo
2018-12-07 11:23:43,334 INFO Results:
              precision    recall  f1-score   support

         1.0       0.31      0.68      0.43        41
         2.0       0.19      0.28      0.23        81
         3.0       0.27      0.22      0.24       139
         4.0       0.36      0.30      0.33       204
         5.0       0.42      0.29      0.34       202
         6.0       0.46      0.43      0.44       152
         7.0       0.07      0.22      0.10         9
         8.0       0.49      0.95      0.65        21

   micro avg       0.34      0.34      0.34       849
   macro avg       0.32      0.42      0.35       849
weighted avg       0.36      0.34      0.34       849

2018-12-07 11:23:43,334 INFO Confusion matrix:
[[28  8  2  2  1  0  0  0]
 [29 23 20  7  1  1  0  0]
 [23 37 31 30 13  5  0  0]
 [ 9 38 40 62 38 17  0  0]
 [ 1 10 18 50 59 50  9  5]
 [ 0  3  4 20 30 65 18 12]
 [ 0  0  0  0  0  3  2  4]
 [ 0  0  0  0  0  0  1 20]]
2018-12-07 11:23:43,334 INFO ----------------------------------
2018-12-07 11:23:43,334 INFO 

2018-12-07 11:23:43,731 INFO C value:                   100
2018-12-07 11:23:43,732 INFO Gamma value:               0.1
2018-12-07 11:23:43,732 INFO Decision function:               ovo
2018-12-07 11:23:43,734 INFO Results:
              precision    recall  f1-score   support

         1.0       0.30      0.63      0.40        41
         2.0       0.22      0.26      0.24        81
         3.0       0.28      0.24      0.26       139
         4.0       0.38      0.35      0.36       204
         5.0       0.42      0.30      0.35       202
         6.0       0.48      0.49      0.48       152
         7.0       0.08      0.33      0.13         9
         8.0       0.74      0.95      0.83        21

   micro avg       0.36      0.36      0.36       849
   macro avg       0.36      0.44      0.38       849
weighted avg       0.38      0.36      0.36       849

2018-12-07 11:23:43,735 INFO Confusion matrix:
[[26  9  4  2  0  0  0  0]
 [26 21 26  5  2  1  0  0]
 [23 29 33 34 14  4  2  0]
 [11 34 32 71 39 17  0  0]
 [ 2  2 16 57 61 53  9  2]
 [ 0  2  5 18 28 74 21  4]
 [ 0  0  0  0  0  5  3  1]
 [ 0  0  0  0  0  0  1 20]]
2018-12-07 11:23:43,735 INFO ----------------------------------
2018-12-07 11:23:43,735 INFO 

2018-12-07 11:23:44,310 INFO C value:                   100
2018-12-07 11:23:44,310 INFO Gamma value:               1
2018-12-07 11:23:44,310 INFO Decision function:               ovo
2018-12-07 11:23:44,313 INFO Results:
              precision    recall  f1-score   support

         1.0       0.26      0.44      0.33        41
         2.0       0.25      0.41      0.31        81
         3.0       0.26      0.24      0.25       139
         4.0       0.39      0.33      0.36       204
         5.0       0.38      0.29      0.33       202
         6.0       0.50      0.57      0.53       152
         7.0       0.00      0.00      0.00         9
         8.0       0.80      0.76      0.78        21

   micro avg       0.37      0.37      0.37       849
   macro avg       0.36      0.38      0.36       849
weighted avg       0.37      0.37      0.37       849

2018-12-07 11:23:44,313 INFO Confusion matrix:
[[18 14  8  1  0  0  0  0]
 [16 33 25  3  3  1  0  0]
 [19 35 33 31 14  6  1  0]
 [ 9 37 37 68 40 13  0  0]
 [ 3  9 20 55 58 55  1  1]
 [ 3  2  4 17 35 86  3  2]
 [ 0  0  0  0  1  7  0  1]
 [ 0  0  0  1  1  3  0 16]]
2018-12-07 11:23:44,313 INFO ----------------------------------
2018-12-07 11:23:44,313 INFO 

2018-12-07 11:23:44,671 INFO C value:                   1000
2018-12-07 11:23:44,671 INFO Gamma value:               0.001
2018-12-07 11:23:44,671 INFO Decision function:               ovo
2018-12-07 11:23:44,673 INFO Results:
              precision    recall  f1-score   support

         1.0       0.31      0.68      0.43        41
         2.0       0.19      0.28      0.23        81
         3.0       0.28      0.23      0.25       139
         4.0       0.36      0.31      0.33       204
         5.0       0.41      0.29      0.34       202
         6.0       0.47      0.43      0.45       152
         7.0       0.06      0.22      0.10         9
         8.0       0.49      0.95      0.65        21

   micro avg       0.34      0.34      0.34       849
   macro avg       0.32      0.42      0.35       849
weighted avg       0.36      0.34      0.34       849

2018-12-07 11:23:44,674 INFO Confusion matrix:
[[28  8  2  2  1  0  0  0]
 [29 23 20  7  1  1  0  0]
 [23 36 32 30 13  5  0  0]
 [ 9 38 40 63 38 16  0  0]
 [ 1 10 18 51 58 49 10  5]
 [ 0  3  4 20 30 65 18 12]
 [ 0  0  0  0  0  3  2  4]
 [ 0  0  0  0  0  0  1 20]]
2018-12-07 11:23:44,674 INFO ----------------------------------
2018-12-07 11:23:44,674 INFO 

2018-12-07 11:23:45,054 INFO C value:                   1000
2018-12-07 11:23:45,054 INFO Gamma value:               0.01
2018-12-07 11:23:45,054 INFO Decision function:               ovo
2018-12-07 11:23:45,057 INFO Results:
              precision    recall  f1-score   support

         1.0       0.32      0.66      0.43        41
         2.0       0.21      0.30      0.25        81
         3.0       0.32      0.22      0.26       139
         4.0       0.39      0.37      0.38       204
         5.0       0.45      0.32      0.37       202
         6.0       0.46      0.44      0.45       152
         7.0       0.08      0.33      0.13         9
         8.0       0.62      0.95      0.75        21

   micro avg       0.37      0.37      0.37       849
   macro avg       0.36      0.45      0.38       849
weighted avg       0.39      0.37      0.37       849

2018-12-07 11:23:45,057 INFO Confusion matrix:
[[27  8  4  1  0  1  0  0]
 [26 24 22  7  1  1  0  0]
 [21 36 31 33 11  5  2  0]
 [ 9 38 27 76 37 17  0  0]
 [ 2  4 12 59 64 49 10  2]
 [ 0  2  2 21 29 67 22  9]
 [ 0  0  0  0  0  5  3  1]
 [ 0  0  0  0  0  0  1 20]]
2018-12-07 11:23:45,057 INFO ----------------------------------
2018-12-07 11:23:45,057 INFO 

2018-12-07 11:23:45,688 INFO C value:                   1000
2018-12-07 11:23:45,688 INFO Gamma value:               0.1
2018-12-07 11:23:45,688 INFO Decision function:               ovo
2018-12-07 11:23:45,690 INFO Results:
              precision    recall  f1-score   support

         1.0       0.30      0.51      0.38        41
         2.0       0.25      0.32      0.28        81
         3.0       0.30      0.29      0.30       139
         4.0       0.40      0.34      0.37       204
         5.0       0.40      0.29      0.34       202
         6.0       0.49      0.55      0.52       152
         7.0       0.09      0.22      0.13         9
         8.0       0.83      0.95      0.89        21

   micro avg       0.38      0.38      0.38       849
   macro avg       0.38      0.44      0.40       849
weighted avg       0.39      0.38      0.38       849

2018-12-07 11:23:45,691 INFO Confusion matrix:
[[21 15  4  1  0  0  0  0]
 [21 26 25  6  2  1  0  0]
 [17 29 41 32 13  6  1  0]
 [10 33 37 70 39 15  0  0]
 [ 1  2 25 50 59 57  8  0]
 [ 0  1  5 16 33 83 10  4]
 [ 0  0  0  0  1  6  2  0]
 [ 0  0  0  0  0  0  1 20]]
2018-12-07 11:23:45,691 INFO ----------------------------------
2018-12-07 11:23:45,691 INFO 

2018-12-07 11:23:47,776 INFO C value:                   1000
2018-12-07 11:23:47,776 INFO Gamma value:               1
2018-12-07 11:23:47,776 INFO Decision function:               ovo
2018-12-07 11:23:47,778 INFO Results:
              precision    recall  f1-score   support

         1.0       0.30      0.49      0.37        41
         2.0       0.25      0.32      0.28        81
         3.0       0.25      0.28      0.27       139
         4.0       0.34      0.31      0.32       204
         5.0       0.40      0.31      0.35       202
         6.0       0.50      0.51      0.50       152
         7.0       0.00      0.00      0.00         9
         8.0       0.80      0.76      0.78        21

   micro avg       0.36      0.36      0.36       849
   macro avg       0.35      0.37      0.36       849
weighted avg       0.36      0.36      0.36       849

2018-12-07 11:23:47,778 INFO Confusion matrix:
[[20 11  7  3  0  0  0  0]
 [13 26 30  9  2  1  0  0]
 [17 29 39 34 13  7  0  0]
 [11 30 44 64 39 16  0  0]
 [ 1  9 27 55 62 46  1  1]
 [ 4  0  7 24 35 77  3  2]
 [ 0  0  0  0  4  4  0  1]
 [ 0  0  0  1  1  3  0 16]]
2018-12-07 11:23:47,778 INFO ----------------------------------
2018-12-07 11:23:47,778 INFO 

2018-12-07 11:23:47,779 INFO Best results for Binary iterations: 
2018-12-07 11:23:47,779 INFO Run with Balanced class weights: 
2018-12-07 11:23:47,779 INFO Best F1 score:                  0.3997159829100606
2018-12-07 11:23:47,779 INFO Best C value:                   1000
2018-12-07 11:23:47,779 INFO Best Gamma value:               0.1
2018-12-07 11:23:47,779 INFO 

